Using pre-set license
Built from '2021.3/staging' branch; Version is '2021.3.23f1 (213b516bf396) revision 2177873'; Using compiler version '192829333'; Build Type 'Release'
OS: 'Windows 11  (10.0.22621) 64bit Enterprise' Language: 'en' Physical Memory: 16309 MB
BatchMode: 1, IsHumanControllingUs: 0, StartBugReporterOnCrash: 0, Is64bit: 1, IsPro: 1

COMMAND LINE ARGUMENTS:
C:\Program Files\Unity\Hub\Editor\2021.3.23f1\Editor\Unity.exe
-adb2
-batchMode
-noUpm
-name
AssetImportWorker2
-projectPath
F:/GitHub/gameDevTeam11/F35_2D
-logFile
Logs/AssetImportWorker2.log
-srvPort
59201
Successfully changed project path to: F:/GitHub/gameDevTeam11/F35_2D
F:/GitHub/gameDevTeam11/F35_2D
[UnityMemory] Configuration Parameters - Can be set up in boot.config
    "memorysetup-bucket-allocator-granularity=16"
    "memorysetup-bucket-allocator-bucket-count=8"
    "memorysetup-bucket-allocator-block-size=33554432"
    "memorysetup-bucket-allocator-block-count=8"
    "memorysetup-main-allocator-block-size=16777216"
    "memorysetup-thread-allocator-block-size=16777216"
    "memorysetup-gfx-main-allocator-block-size=16777216"
    "memorysetup-gfx-thread-allocator-block-size=16777216"
    "memorysetup-cache-allocator-block-size=4194304"
    "memorysetup-typetree-allocator-block-size=2097152"
    "memorysetup-profiler-bucket-allocator-granularity=16"
    "memorysetup-profiler-bucket-allocator-bucket-count=8"
    "memorysetup-profiler-bucket-allocator-block-size=33554432"
    "memorysetup-profiler-bucket-allocator-block-count=8"
    "memorysetup-profiler-allocator-block-size=16777216"
    "memorysetup-profiler-editor-allocator-block-size=1048576"
    "memorysetup-temp-allocator-size-main=16777216"
    "memorysetup-job-temp-allocator-block-size=2097152"
    "memorysetup-job-temp-allocator-block-size-background=1048576"
    "memorysetup-job-temp-allocator-reduction-small-platforms=262144"
    "memorysetup-temp-allocator-size-background-worker=32768"
    "memorysetup-temp-allocator-size-job-worker=262144"
    "memorysetup-temp-allocator-size-preload-manager=33554432"
    "memorysetup-temp-allocator-size-nav-mesh-worker=65536"
    "memorysetup-temp-allocator-size-audio-worker=65536"
    "memorysetup-temp-allocator-size-cloud-worker=32768"
    "memorysetup-temp-allocator-size-gi-baking-worker=262144"
    "memorysetup-temp-allocator-size-gfx=262144"
Player connection [23712] Host "[IP] 192.168.10.108 [Port] 0 [Flags] 2 [Guid] 197534171 [EditorId] 197534171 [Version] 1048832 [Id] WindowsEditor(7,DESKTOP-E9993N1) [Debug] 1 [PackageName] WindowsEditor [ProjectName] Editor" joined multi-casting on [225.0.0.222:54997]...

Player connection [23712] Host "[IP] 192.168.10.108 [Port] 0 [Flags] 2 [Guid] 197534171 [EditorId] 197534171 [Version] 1048832 [Id] WindowsEditor(7,DESKTOP-E9993N1) [Debug] 1 [PackageName] WindowsEditor [ProjectName] Editor" joined alternative multi-casting on [225.0.0.222:34997]...

Refreshing native plugins compatible for Editor in 107.34 ms, found 4 plugins.
Preloading 0 native plugins for Editor in 0.00 ms.
Initialize engine version: 2021.3.23f1 (213b516bf396)
[Subsystems] Discovering subsystems at path C:/Program Files/Unity/Hub/Editor/2021.3.23f1/Editor/Data/Resources/UnitySubsystems
[Subsystems] Discovering subsystems at path F:/GitHub/gameDevTeam11/F35_2D/Assets
GfxDevice: creating device client; threaded=0; jobified=0
Direct3D:
    Version:  Direct3D 11.0 [level 11.1]
    Renderer: NVIDIA GeForce RTX 3070 Ti (ID=0x2482)
    Vendor:   NVIDIA
    VRAM:     8031 MB
    Driver:   31.0.15.3713
Initialize mono
Mono path[0] = 'C:/Program Files/Unity/Hub/Editor/2021.3.23f1/Editor/Data/Managed'
Mono path[1] = 'C:/Program Files/Unity/Hub/Editor/2021.3.23f1/Editor/Data/MonoBleedingEdge/lib/mono/unityjit-win32'
Mono config path = 'C:/Program Files/Unity/Hub/Editor/2021.3.23f1/Editor/Data/MonoBleedingEdge/etc'
Using monoOptions --debugger-agent=transport=dt_socket,embedding=1,server=y,suspend=n,address=127.0.0.1:56000
Begin MonoManager ReloadAssembly
Registering precompiled unity dll's ...
Register platform support module: C:/Program Files/Unity/Hub/Editor/2021.3.23f1/Editor/Data/PlaybackEngines/WebGLSupport/UnityEditor.WebGL.Extensions.dll
Register platform support module: C:/Program Files/Unity/Hub/Editor/2021.3.23f1/Editor/Data/PlaybackEngines/WindowsStandaloneSupport/UnityEditor.WindowsStandalone.Extensions.dll
Registered in 0.004542 seconds.
Native extension for WindowsStandalone target not found
Native extension for WebGL target not found
Refreshing native plugins compatible for Editor in 91.31 ms, found 4 plugins.
Preloading 0 native plugins for Editor in 0.00 ms.
Mono: successfully reloaded assembly
- Completed reload, in  0.491 seconds
Domain Reload Profiling:
	ReloadAssembly (492ms)
		BeginReloadAssembly (68ms)
			ExecutionOrderSort (0ms)
			DisableScriptedObjects (0ms)
			BackupInstance (0ms)
			ReleaseScriptingObjects (0ms)
			CreateAndSetChildDomain (1ms)
		EndReloadAssembly (349ms)
			LoadAssemblies (66ms)
			RebuildTransferFunctionScriptingTraits (0ms)
			SetupTypeCache (71ms)
			ReleaseScriptCaches (0ms)
			RebuildScriptCaches (18ms)
			SetupLoadedEditorAssemblies (222ms)
				LogAssemblyErrors (0ms)
				InitializePlatformSupportModulesInManaged (7ms)
				SetLoadedEditorAssemblies (0ms)
				RefreshPlugins (91ms)
				BeforeProcessingInitializeOnLoad (1ms)
				ProcessInitializeOnLoadAttributes (90ms)
				ProcessInitializeOnLoadMethodAttributes (32ms)
				AfterProcessingInitializeOnLoad (0ms)
				EditorAssembliesLoaded (0ms)
			ExecutionOrderSort2 (0ms)
			AwakeInstancesAfterBackupRestoration (0ms)
Platform modules already initialized, skipping
Registering precompiled user dll's ...
Registered in 0.003524 seconds.
Begin MonoManager ReloadAssembly
Symbol file LoadedFromMemory doesn't match image F:\GitHub\gameDevTeam11\F35_2D\Library\PackageCache\com.unity.visualscripting@1.8.0\Editor\VisualScripting.Core\Dependencies\YamlDotNet\Unity.VisualScripting.YamlDotNet.dll
Symbol file LoadedFromMemory doesn't match image F:\GitHub\gameDevTeam11\F35_2D\Library\PackageCache\com.unity.visualscripting@1.8.0\Editor\VisualScripting.Core\Dependencies\DotNetZip\Unity.VisualScripting.IonicZip.dll
Native extension for WindowsStandalone target not found
Native extension for WebGL target not found
Refreshing native plugins compatible for Editor in 93.53 ms, found 4 plugins.
Preloading 0 native plugins for Editor in 0.00 ms.
Mono: successfully reloaded assembly
- Completed reload, in  1.087 seconds
Domain Reload Profiling:
	ReloadAssembly (1088ms)
		BeginReloadAssembly (89ms)
			ExecutionOrderSort (0ms)
			DisableScriptedObjects (4ms)
			BackupInstance (0ms)
			ReleaseScriptingObjects (0ms)
			CreateAndSetChildDomain (16ms)
		EndReloadAssembly (920ms)
			LoadAssemblies (72ms)
			RebuildTransferFunctionScriptingTraits (0ms)
			SetupTypeCache (205ms)
			ReleaseScriptCaches (1ms)
			RebuildScriptCaches (50ms)
			SetupLoadedEditorAssemblies (567ms)
				LogAssemblyErrors (0ms)
				InitializePlatformSupportModulesInManaged (4ms)
				SetLoadedEditorAssemblies (0ms)
				RefreshPlugins (94ms)
				BeforeProcessingInitializeOnLoad (95ms)
				ProcessInitializeOnLoadAttributes (304ms)
				ProcessInitializeOnLoadMethodAttributes (63ms)
				AfterProcessingInitializeOnLoad (7ms)
				EditorAssembliesLoaded (0ms)
			ExecutionOrderSort2 (0ms)
			AwakeInstancesAfterBackupRestoration (5ms)
Platform modules already initialized, skipping
========================================================================
Worker process is ready to serve import requests
Launched and connected shader compiler UnityShaderCompiler.exe after 0.04 seconds
Refreshing native plugins compatible for Editor in 0.90 ms, found 4 plugins.
Preloading 0 native plugins for Editor in 0.00 ms.
Unloading 5740 Unused Serialized files (Serialized files now loaded: 0)
Unloading 56 unused Assets / (0.8 MB). Loaded Objects now: 6195.
Memory consumption went from 229.1 MB to 228.3 MB.
Total: 4.087600 ms (FindLiveObjects: 0.375800 ms CreateObjectMapping: 0.306200 ms MarkObjects: 3.117200 ms  DeleteObjects: 0.287800 ms)

AssetImportParameters requested are different than current active one (requested -> active):
  custom:video-decoder-ogg-theora: a1e56fd34408186e4bbccfd4996cb3dc -> 
  custom:container-muxer-webm: aa71ff27fc2769a1b78a27578f13a17b -> 
  custom:container-demuxer-webm: 4f35f7cbe854078d1ac9338744f61a02 -> 
  custom:video-encoder-webm-vp8: eb34c28f22e8b96e1ab97ce403110664 -> 
  custom:video-codec-MediaFoundation-h265: 746d11721c4dcdbdad8f713fa42b33f4 -> 
  custom:audio-encoder-webm-vorbis: bf7c407c2cedff20999df2af8eb42d56 -> 
  custom:framework-win-MediaFoundation: 216162199b28c13a410421893ffa2e32 -> 
  custom:container-demuxer-ogg: 62fdf1f143b41e24485cea50d1cbac27 -> 
  custom:video-decoder-webm-vp8: 9c59270c3fd7afecdb556c50c9e8de78 -> 
  custom:audio-decoder-ogg-vorbis: bf7c407c2cedff20999df2af8eb42d56 -> 
========================================================================
Received Import Request.
  Time since last request: 17528.095079 seconds.
  path: Assets/Prefabs/Enemy/Enemy.prefab
  artifactKey: Guid(4619fdb1ca10a594c8e12abdd0ed8770) Importer(815301076,1909f56bfc062723c751e8b465ee728b)
Start importing Assets/Prefabs/Enemy/Enemy.prefab using Guid(4619fdb1ca10a594c8e12abdd0ed8770) Importer(815301076,1909f56bfc062723c751e8b465ee728b)  -> (artifact id: 'bb11f2c876323d63de0b898e6f6a4602') in 0.694433 seconds 
========================================================================
Received Import Request.
  Time since last request: 3.495062 seconds.
  path: Assets/Sprites
  artifactKey: Guid(836b375ffe4233148ae236b2c3f5f479) Importer(815301076,1909f56bfc062723c751e8b465ee728b)
Start importing Assets/Sprites using Guid(836b375ffe4233148ae236b2c3f5f479) Importer(815301076,1909f56bfc062723c751e8b465ee728b)  -> (artifact id: '7f04798d46e0098bf3f2529a578f7457') in 0.012069 seconds 
========================================================================
Received Import Request.
  Time since last request: 0.058851 seconds.
  path: Assets/Sprites/Bullet.prefab
  artifactKey: Guid(fb241c59476effc4885bbfd97b10a11b) Importer(815301076,1909f56bfc062723c751e8b465ee728b)
Start importing Assets/Sprites/Bullet.prefab using Guid(fb241c59476effc4885bbfd97b10a11b) Importer(815301076,1909f56bfc062723c751e8b465ee728b)  -> (artifact id: '1bb302eca1972b88d9b847b5010cf7c7') in 0.077305 seconds 
========================================================================
Received Import Request.
  Time since last request: 21.140613 seconds.
  path: Assets/Sprites/21OS0C-TopView.jpg
  artifactKey: Guid(b680535f454f15f40a0d53503994c415) Importer(815301076,1909f56bfc062723c751e8b465ee728b)
Start importing Assets/Sprites/21OS0C-TopView.jpg using Guid(b680535f454f15f40a0d53503994c415) Importer(815301076,1909f56bfc062723c751e8b465ee728b)  -> (artifact id: '260c00a31f7026869330850b12a172be') in 0.070508 seconds 
========================================================================
Received Import Request.
  Time since last request: 5.339624 seconds.
  path: Assets/Sprites/Mig21.jpg
  artifactKey: Guid(b680535f454f15f40a0d53503994c415) Importer(815301076,1909f56bfc062723c751e8b465ee728b)
Start importing Assets/Sprites/Mig21.jpg using Guid(b680535f454f15f40a0d53503994c415) Importer(815301076,1909f56bfc062723c751e8b465ee728b)  -> (artifact id: '833ba5d7455b28b7afc25d36c1595ef2') in 0.041198 seconds 
========================================================================
Received Import Request.
  Time since last request: 4076.033737 seconds.
  path: Assets/Sprites/B52-TopView.jpg
  artifactKey: Guid(6fa80fec26d753947916b336915faec4) Importer(815301076,1909f56bfc062723c751e8b465ee728b)
Start importing Assets/Sprites/B52-TopView.jpg using Guid(6fa80fec26d753947916b336915faec4) Importer(815301076,1909f56bfc062723c751e8b465ee728b)  -> (artifact id: 'ce76a11249ffd6fa641647199bd63e04') in 0.079318 seconds 
========================================================================
Received Import Request.
  Time since last request: 342.756601 seconds.
  path: Assets/Sprites/B52.png
  artifactKey: Guid(fd2362326f55a7944b1fef41f0fd5484) Importer(815301076,1909f56bfc062723c751e8b465ee728b)
Start importing Assets/Sprites/B52.png using Guid(fd2362326f55a7944b1fef41f0fd5484) Importer(815301076,1909f56bfc062723c751e8b465ee728b)  -> (artifact id: '0e90179008d9134750462a9540cf1144') in 0.037473 seconds 
========================================================================
Received Import Request.
  Time since last request: 3221.984964 seconds.
  path: Assets/Prefabs/Enemy/Enemy_death.anim
  artifactKey: Guid(6c580d2cf842ab64f9a4691d2b1c39b7) Importer(815301076,1909f56bfc062723c751e8b465ee728b)
Start importing Assets/Prefabs/Enemy/Enemy_death.anim using Guid(6c580d2cf842ab64f9a4691d2b1c39b7) Importer(815301076,1909f56bfc062723c751e8b465ee728b)  -> (artifact id: 'cfb43a71133eecfb38e3924d0ce1d93d') in 0.023571 seconds 
========================================================================
Received Import Request.
  Time since last request: 2.110300 seconds.
  path: Assets/Prefabs/Enemy/Enemy_idle.anim
  artifactKey: Guid(d1757aa75ee26754ba162467e8c7be1c) Importer(815301076,1909f56bfc062723c751e8b465ee728b)
Start importing Assets/Prefabs/Enemy/Enemy_idle.anim using Guid(d1757aa75ee26754ba162467e8c7be1c) Importer(815301076,1909f56bfc062723c751e8b465ee728b)  -> (artifact id: 'c6b762e72d275c236ac7477bb255d279') in 0.010785 seconds 
========================================================================
Received Import Request.
  Time since last request: 3314.876360 seconds.
  path: Assets/Sprites/Academy FA-18F Super Hornet.png
  artifactKey: Guid(a5a6cbcad3441d545a7ea29a346ef151) Importer(815301076,1909f56bfc062723c751e8b465ee728b)
Start importing Assets/Sprites/Academy FA-18F Super Hornet.png using Guid(a5a6cbcad3441d545a7ea29a346ef151) Importer(815301076,1909f56bfc062723c751e8b465ee728b)  -> (artifact id: '4f50ba2362ae82ca7766f8aae74b57bc') in 0.233671 seconds 
========================================================================
Received Import Request.
  Time since last request: 167.612398 seconds.
  path: Assets/Sprites/Academy FA-18F Super Hornet 1.png
  artifactKey: Guid(758d120295fe2454186529ce48610a77) Importer(815301076,1909f56bfc062723c751e8b465ee728b)
Start importing Assets/Sprites/Academy FA-18F Super Hornet 1.png using Guid(758d120295fe2454186529ce48610a77) Importer(815301076,1909f56bfc062723c751e8b465ee728b)  -> (artifact id: 'faee3920ec4940950d4dffe8a5292bc1') in 0.249564 seconds 
========================================================================
Received Import Request.
  Time since last request: 143.804180 seconds.
  path: Assets/Sprites/Academy FA-18F Super Hornet 1.png
  artifactKey: Guid(758d120295fe2454186529ce48610a77) Importer(815301076,1909f56bfc062723c751e8b465ee728b)
Start importing Assets/Sprites/Academy FA-18F Super Hornet 1.png using Guid(758d120295fe2454186529ce48610a77) Importer(815301076,1909f56bfc062723c751e8b465ee728b)  -> (artifact id: 'cbc5f2322282d425e6ffd03be6a1628c') in 0.168763 seconds 
========================================================================
Received Import Request.
  Time since last request: 53.779348 seconds.
  path: Assets/Sprites/Mig21.png
  artifactKey: Guid(c3298a9a6fa586f4d81b4480877a3a9c) Importer(815301076,1909f56bfc062723c751e8b465ee728b)
Start importing Assets/Sprites/Mig21.png using Guid(c3298a9a6fa586f4d81b4480877a3a9c) Importer(815301076,1909f56bfc062723c751e8b465ee728b)  -> (artifact id: 'd50b006da82d77422a2a76113876de94') in 0.038556 seconds 
========================================================================
Received Import Request.
  Time since last request: 1505.611811 seconds.
  path: Assets/Sprites/explosion sprite.png
  artifactKey: Guid(25254cfa909b5ce40a00e9eb64b21838) Importer(815301076,1909f56bfc062723c751e8b465ee728b)
Start importing Assets/Sprites/explosion sprite.png using Guid(25254cfa909b5ce40a00e9eb64b21838) Importer(815301076,1909f56bfc062723c751e8b465ee728b)  -> (artifact id: 'f63c121e3f313c563970d2070a9e1ac6') in 0.328108 seconds 
========================================================================
Received Prepare
Registering precompiled user dll's ...
Registered in 0.003136 seconds.
Begin MonoManager ReloadAssembly
Symbol file LoadedFromMemory doesn't match image F:\GitHub\gameDevTeam11\F35_2D\Library\PackageCache\com.unity.visualscripting@1.8.0\Editor\VisualScripting.Core\Dependencies\YamlDotNet\Unity.VisualScripting.YamlDotNet.dll
Symbol file LoadedFromMemory doesn't match image F:\GitHub\gameDevTeam11\F35_2D\Library\PackageCache\com.unity.visualscripting@1.8.0\Editor\VisualScripting.Core\Dependencies\DotNetZip\Unity.VisualScripting.IonicZip.dll
Native extension for WindowsStandalone target not found
Native extension for WebGL target not found
Refreshing native plugins compatible for Editor in 1.30 ms, found 4 plugins.
Preloading 0 native plugins for Editor in 0.00 ms.
Mono: successfully reloaded assembly
- Completed reload, in  1.679 seconds
Domain Reload Profiling:
	ReloadAssembly (1680ms)
		BeginReloadAssembly (504ms)
			ExecutionOrderSort (0ms)
			DisableScriptedObjects (73ms)
			BackupInstance (0ms)
			ReleaseScriptingObjects (0ms)
			CreateAndSetChildDomain (257ms)
		EndReloadAssembly (1077ms)
			LoadAssemblies (112ms)
			RebuildTransferFunctionScriptingTraits (0ms)
			SetupTypeCache (288ms)
			ReleaseScriptCaches (2ms)
			RebuildScriptCaches (51ms)
			SetupLoadedEditorAssemblies (469ms)
				LogAssemblyErrors (0ms)
				InitializePlatformSupportModulesInManaged (7ms)
				SetLoadedEditorAssemblies (1ms)
				RefreshPlugins (1ms)
				BeforeProcessingInitializeOnLoad (84ms)
				ProcessInitializeOnLoadAttributes (292ms)
				ProcessInitializeOnLoadMethodAttributes (77ms)
				AfterProcessingInitializeOnLoad (7ms)
				EditorAssembliesLoaded (0ms)
			ExecutionOrderSort2 (0ms)
			AwakeInstancesAfterBackupRestoration (12ms)
Platform modules already initialized, skipping
Refreshing native plugins compatible for Editor in 1.90 ms, found 4 plugins.
Preloading 0 native plugins for Editor in 0.00 ms.
Unloading 5602 Unused Serialized files (Serialized files now loaded: 0)
Unloading 29 unused Assets / (0.8 MB). Loaded Objects now: 6270.
Memory consumption went from 228.8 MB to 228.0 MB.
Total: 7.235900 ms (FindLiveObjects: 0.625400 ms CreateObjectMapping: 0.395400 ms MarkObjects: 5.849300 ms  DeleteObjects: 0.365000 ms)

AssetImportParameters requested are different than current active one (requested -> active):
  custom:video-decoder-ogg-theora: a1e56fd34408186e4bbccfd4996cb3dc -> 
  custom:container-muxer-webm: aa71ff27fc2769a1b78a27578f13a17b -> 
  custom:container-demuxer-webm: 4f35f7cbe854078d1ac9338744f61a02 -> 
  custom:video-encoder-webm-vp8: eb34c28f22e8b96e1ab97ce403110664 -> 
  custom:video-codec-MediaFoundation-h265: 746d11721c4dcdbdad8f713fa42b33f4 -> 
  custom:audio-encoder-webm-vorbis: bf7c407c2cedff20999df2af8eb42d56 -> 
  custom:framework-win-MediaFoundation: 216162199b28c13a410421893ffa2e32 -> 
  custom:container-demuxer-ogg: 62fdf1f143b41e24485cea50d1cbac27 -> 
  custom:video-decoder-webm-vp8: 9c59270c3fd7afecdb556c50c9e8de78 -> 
  custom:audio-decoder-ogg-vorbis: bf7c407c2cedff20999df2af8eb42d56 -> 
========================================================================
Received Import Request.
  Time since last request: 124.056243 seconds.
  path: Assets/Sprites/Academy FA-18F Super Hornet 1.png
  artifactKey: Guid(758d120295fe2454186529ce48610a77) Importer(815301076,1909f56bfc062723c751e8b465ee728b)
Start importing Assets/Sprites/Academy FA-18F Super Hornet 1.png using Guid(758d120295fe2454186529ce48610a77) Importer(815301076,1909f56bfc062723c751e8b465ee728b)  -> (artifact id: 'cd845b1a67474b307a38b16a35fe8bef') in 0.298621 seconds 
========================================================================
Received Import Request.
  Time since last request: 6.156391 seconds.
  path: Assets/Sprites/Academy FA-18F Super Hornet 1.png
  artifactKey: Guid(758d120295fe2454186529ce48610a77) Importer(815301076,1909f56bfc062723c751e8b465ee728b)
Start importing Assets/Sprites/Academy FA-18F Super Hornet 1.png using Guid(758d120295fe2454186529ce48610a77) Importer(815301076,1909f56bfc062723c751e8b465ee728b)  -> (artifact id: '99c03d790e5d3de25d3d49893aae7ffb') in 0.039302 seconds 
========================================================================
Received Import Request.
  Time since last request: 7.902635 seconds.
  path: Assets/Sprites/Academy FA-18F Super Hornet 1.png
  artifactKey: Guid(758d120295fe2454186529ce48610a77) Importer(815301076,1909f56bfc062723c751e8b465ee728b)
Start importing Assets/Sprites/Academy FA-18F Super Hornet 1.png using Guid(758d120295fe2454186529ce48610a77) Importer(815301076,1909f56bfc062723c751e8b465ee728b)  -> (artifact id: 'c0c17973e1d41ecb8905751f3e8dac90') in 0.051043 seconds 
========================================================================
Received Import Request.
  Time since last request: 8.341948 seconds.
  path: Assets/Prefabs/Player/Player.prefab
  artifactKey: Guid(b2e75a7866e5942418178ff1571bd626) Importer(815301076,1909f56bfc062723c751e8b465ee728b)
Start importing Assets/Prefabs/Player/Player.prefab using Guid(b2e75a7866e5942418178ff1571bd626) Importer(815301076,1909f56bfc062723c751e8b465ee728b)  -> (artifact id: 'a7f96764a216a22ed7acb7343b6fc63b') in 0.460915 seconds 
========================================================================
Received Import Request.
  Time since last request: 10.677209 seconds.
  path: Assets/Sound
  artifactKey: Guid(20b0e971eb7ce52499ca51d8f4cf522c) Importer(815301076,1909f56bfc062723c751e8b465ee728b)
Start importing Assets/Sound using Guid(20b0e971eb7ce52499ca51d8f4cf522c) Importer(815301076,1909f56bfc062723c751e8b465ee728b)  -> (artifact id: 'b3c619e4ce38ba04229ad92ea56486b5') in 0.001557 seconds 
========================================================================
Received Import Request.
  Time since last request: 745.065647 seconds.
  path: Assets/Sprites/Academy FA-18F Super Hornet 1.png
  artifactKey: Guid(758d120295fe2454186529ce48610a77) Importer(815301076,1909f56bfc062723c751e8b465ee728b)
Start importing Assets/Sprites/Academy FA-18F Super Hornet 1.png using Guid(758d120295fe2454186529ce48610a77) Importer(815301076,1909f56bfc062723c751e8b465ee728b)  -> (artifact id: 'ae5999c048497407549e731f1139ef3b') in 0.018920 seconds 
========================================================================
Received Import Request.
  Time since last request: 57.649553 seconds.
  path: Assets/Sprites/Academy FA-18F Super Hornet 1.png
  artifactKey: Guid(758d120295fe2454186529ce48610a77) Importer(815301076,1909f56bfc062723c751e8b465ee728b)
Start importing Assets/Sprites/Academy FA-18F Super Hornet 1.png using Guid(758d120295fe2454186529ce48610a77) Importer(815301076,1909f56bfc062723c751e8b465ee728b)  -> (artifact id: 'ccb57ec56ace59dd69fb503ebfcc770d') in 0.012478 seconds 
